<?xml version="1.0" encoding="UTF-8"?>
<!-- Generated by org.testng.reporters.JUnitXMLReporter -->
<testsuite ignored="3" hostname="DESKTOP-8JJHTH4" failures="0" tests="1" name="Default test" time="29.408" errors="0" timestamp="2024-09-16T21:44:14 IST">
  <testcase classname="app.heroku.HeroKu" name="multipleClick" time="1.609"/>
  <testcase classname="app.heroku.HeroKu" name="buttonText" time="0.0">
    <ignored/>
  </testcase> <!-- buttonText -->
  <testcase classname="app.heroku.HeroKu" name="buttonVisible" time="0.0">
    <ignored/>
  </testcase> <!-- buttonVisible -->
  <testcase classname="app.heroku.HeroKu" name="buttonClickable" time="0.0">
    <ignored/>
  </testcase> <!-- buttonClickable -->
</testsuite> <!-- Default test -->
