<?xml version="1.0" encoding="UTF-8"?>
<!-- Generated by org.testng.reporters.JUnitXMLReporter -->
<testsuite ignored="0" hostname="DESKTOP-8JJHTH4" failures="0" tests="5" name="Default test" time="55.593" errors="0" timestamp="2024-09-17T21:15:49 IST">
  <testcase classname="app.heroku.DropDown" name="dropDown" time="0.159"/>
  <testcase classname="app.heroku.DropDown" name="dropDown1" time="0.182"/>
  <testcase classname="app.heroku.DropDown" name="dropDown2" time="0.178"/>
  <testcase classname="app.heroku.DropDown" name="dropDown4" time="0.185"/>
  <testcase classname="app.heroku.DropDown" name="dropDown3" time="2.131"/>
</testsuite> <!-- Default test -->
