<?xml version="1.0" encoding="UTF-8"?>
<testng-results ignored="0" total="5" passed="5" failed="0" skipped="0">
  <reporter-output>
  </reporter-output>
  <suite started-at="2024-09-17T21:14:53 IST" name="Default suite" finished-at="2024-09-17T21:15:49 IST" duration-ms="55593">
    <groups>
    </groups>
    <test started-at="2024-09-17T21:14:53 IST" name="Default test" finished-at="2024-09-17T21:15:49 IST" duration-ms="55593">
      <class name="app.heroku.DropDown">
        <test-method is-config="true" signature="beforeMethod()[pri:0, instance:app.heroku.DropDown@5bf0d49]" started-at="2024-09-17T21:14:53 IST" name="beforeMethod" finished-at="2024-09-17T21:14:59 IST" duration-ms="6010" status="PASS">
          <reporter-output>
          </reporter-output>
        </test-method> <!-- beforeMethod -->
        <test-method signature="dropDown()[pri:1, instance:app.heroku.DropDown@5bf0d49]" started-at="2024-09-17T21:14:59 IST" name="dropDown" finished-at="2024-09-17T21:14:59 IST" duration-ms="159" status="PASS">
          <reporter-output>
          </reporter-output>
        </test-method> <!-- dropDown -->
        <test-method is-config="true" signature="afterMethod()[pri:0, instance:app.heroku.DropDown@5bf0d49]" started-at="2024-09-17T21:14:59 IST" name="afterMethod" finished-at="2024-09-17T21:15:05 IST" duration-ms="5393" status="PASS">
          <reporter-output>
          </reporter-output>
        </test-method> <!-- afterMethod -->
        <test-method is-config="true" signature="beforeMethod()[pri:0, instance:app.heroku.DropDown@5bf0d49]" started-at="2024-09-17T21:15:05 IST" name="beforeMethod" finished-at="2024-09-17T21:15:09 IST" duration-ms="4590" status="PASS">
          <reporter-output>
          </reporter-output>
        </test-method> <!-- beforeMethod -->
        <test-method signature="dropDown1()[pri:2, instance:app.heroku.DropDown@5bf0d49]" started-at="2024-09-17T21:15:09 IST" name="dropDown1" finished-at="2024-09-17T21:15:10 IST" duration-ms="182" status="PASS">
          <reporter-output>
          </reporter-output>
        </test-method> <!-- dropDown1 -->
        <test-method is-config="true" signature="afterMethod()[pri:0, instance:app.heroku.DropDown@5bf0d49]" started-at="2024-09-17T21:15:10 IST" name="afterMethod" finished-at="2024-09-17T21:15:15 IST" duration-ms="5361" status="PASS">
          <reporter-output>
          </reporter-output>
        </test-method> <!-- afterMethod -->
        <test-method is-config="true" signature="beforeMethod()[pri:0, instance:app.heroku.DropDown@5bf0d49]" started-at="2024-09-17T21:15:15 IST" name="beforeMethod" finished-at="2024-09-17T21:15:21 IST" duration-ms="5933" status="PASS">
          <reporter-output>
          </reporter-output>
        </test-method> <!-- beforeMethod -->
        <test-method signature="dropDown2()[pri:3, instance:app.heroku.DropDown@5bf0d49]" started-at="2024-09-17T21:15:21 IST" name="dropDown2" finished-at="2024-09-17T21:15:21 IST" duration-ms="178" status="PASS">
          <reporter-output>
          </reporter-output>
        </test-method> <!-- dropDown2 -->
        <test-method is-config="true" signature="afterMethod()[pri:0, instance:app.heroku.DropDown@5bf0d49]" started-at="2024-09-17T21:15:21 IST" name="afterMethod" finished-at="2024-09-17T21:15:27 IST" duration-ms="5511" status="PASS">
          <reporter-output>
          </reporter-output>
        </test-method> <!-- afterMethod -->
        <test-method is-config="true" signature="beforeMethod()[pri:0, instance:app.heroku.DropDown@5bf0d49]" started-at="2024-09-17T21:15:27 IST" name="beforeMethod" finished-at="2024-09-17T21:15:32 IST" duration-ms="5377" status="PASS">
          <reporter-output>
          </reporter-output>
        </test-method> <!-- beforeMethod -->
        <test-method signature="dropDown4()[pri:4, instance:app.heroku.DropDown@5bf0d49]" started-at="2024-09-17T21:15:32 IST" name="dropDown4" finished-at="2024-09-17T21:15:32 IST" duration-ms="185" status="PASS">
          <reporter-output>
          </reporter-output>
        </test-method> <!-- dropDown4 -->
        <test-method is-config="true" signature="afterMethod()[pri:0, instance:app.heroku.DropDown@5bf0d49]" started-at="2024-09-17T21:15:32 IST" name="afterMethod" finished-at="2024-09-17T21:15:38 IST" duration-ms="5453" status="PASS">
          <reporter-output>
          </reporter-output>
        </test-method> <!-- afterMethod -->
        <test-method is-config="true" signature="beforeMethod()[pri:0, instance:app.heroku.DropDown@5bf0d49]" started-at="2024-09-17T21:15:38 IST" name="beforeMethod" finished-at="2024-09-17T21:15:41 IST" duration-ms="3391" status="PASS">
          <reporter-output>
          </reporter-output>
        </test-method> <!-- beforeMethod -->
        <test-method signature="dropDown3()[pri:5, instance:app.heroku.DropDown@5bf0d49]" started-at="2024-09-17T21:15:41 IST" name="dropDown3" finished-at="2024-09-17T21:15:43 IST" duration-ms="2131" status="PASS">
          <reporter-output>
          </reporter-output>
        </test-method> <!-- dropDown3 -->
        <test-method is-config="true" signature="afterMethod()[pri:0, instance:app.heroku.DropDown@5bf0d49]" started-at="2024-09-17T21:15:43 IST" name="afterMethod" finished-at="2024-09-17T21:15:49 IST" duration-ms="5624" status="PASS">
          <reporter-output>
          </reporter-output>
        </test-method> <!-- afterMethod -->
      </class> <!-- app.heroku.DropDown -->
    </test> <!-- Default test -->
  </suite> <!-- Default suite -->
</testng-results>
